<?xml version="1.0" encoding="UTF-8"?>
<testng-results skipped="0" failed="0" ignored="0" total="7" passed="7">
  <reporter-output>
  </reporter-output>
  <suite name="Default suite" duration-ms="97874" started-at="2024-04-21T13:28:07 CDT" finished-at="2024-04-21T13:29:45 CDT">
    <groups>
      <group name="cucumber">
        <method signature="AbstractTestNGCucumberTests.runScenario(cucumber.api.testng.PickleEventWrapper,cucumber.api.testng.CucumberFeatureWrapper)[pri:0, instance:steps.RunnerFile@6a1aab78]" name="runScenario" class="cucumber.api.testng.AbstractTestNGCucumberTests"/>
      </group> <!-- cucumber -->
    </groups>
    <test name="Default test" duration-ms="97874" started-at="2024-04-21T13:28:07 CDT" finished-at="2024-04-21T13:29:45 CDT">
      <class name="steps.RunnerFile">
        <test-method status="PASS" signature="setUpClass()[pri:0, instance:steps.RunnerFile@6a1aab78]" name="setUpClass" is-config="true" duration-ms="93" started-at="2024-04-21T13:28:07 CDT" finished-at="2024-04-21T13:28:07 CDT">
          <reporter-output>
          </reporter-output>
        </test-method> <!-- setUpClass -->
        <test-method status="PASS" signature="runScenario(cucumber.api.testng.PickleEventWrapper,cucumber.api.testng.CucumberFeatureWrapper)[pri:0, instance:steps.RunnerFile@6a1aab78]" name="runScenario" duration-ms="9792" started-at="2024-04-21T13:28:07 CDT" description="Runs Cucumber Scenarios" data-provider="scenarios" finished-at="2024-04-21T13:28:17 CDT">
          <params>
            <param index="0">
              <value>
                <![CDATA["TC001_Login and Logout"]]>
              </value>
            </param>
            <param index="1">
              <value>
                <![CDATA["Automate Leaftaps Application"]]>
              </value>
            </param>
          </params>
          <reporter-output>
          </reporter-output>
        </test-method> <!-- runScenario -->
        <test-method status="PASS" signature="runScenario(cucumber.api.testng.PickleEventWrapper,cucumber.api.testng.CucumberFeatureWrapper)[pri:0, instance:steps.RunnerFile@6a1aab78]" name="runScenario" duration-ms="10164" started-at="2024-04-21T13:28:17 CDT" description="Runs Cucumber Scenarios" data-provider="scenarios" finished-at="2024-04-21T13:28:27 CDT">
          <params>
            <param index="0">
              <value>
                <![CDATA["TC001_Login and Logout"]]>
              </value>
            </param>
            <param index="1">
              <value>
                <![CDATA["Automate Leaftaps Application"]]>
              </value>
            </param>
          </params>
          <reporter-output>
          </reporter-output>
        </test-method> <!-- runScenario -->
        <test-method status="PASS" signature="runScenario(cucumber.api.testng.PickleEventWrapper,cucumber.api.testng.CucumberFeatureWrapper)[pri:0, instance:steps.RunnerFile@6a1aab78]" name="runScenario" duration-ms="7780" started-at="2024-04-21T13:28:27 CDT" description="Runs Cucumber Scenarios" data-provider="scenarios" finished-at="2024-04-21T13:28:35 CDT">
          <params>
            <param index="0">
              <value>
                <![CDATA["TC002_Login and Logout for failure"]]>
              </value>
            </param>
            <param index="1">
              <value>
                <![CDATA["Automate Leaftaps Application"]]>
              </value>
            </param>
          </params>
          <reporter-output>
          </reporter-output>
        </test-method> <!-- runScenario -->
        <test-method status="PASS" signature="runScenario(cucumber.api.testng.PickleEventWrapper,cucumber.api.testng.CucumberFeatureWrapper)[pri:0, instance:steps.RunnerFile@6a1aab78]" name="runScenario" duration-ms="7851" started-at="2024-04-21T13:28:35 CDT" description="Runs Cucumber Scenarios" data-provider="scenarios" finished-at="2024-04-21T13:28:43 CDT">
          <params>
            <param index="0">
              <value>
                <![CDATA["TC002_Login and Logout for failure"]]>
              </value>
            </param>
            <param index="1">
              <value>
                <![CDATA["Automate Leaftaps Application"]]>
              </value>
            </param>
          </params>
          <reporter-output>
          </reporter-output>
        </test-method> <!-- runScenario -->
        <test-method status="PASS" signature="runScenario(cucumber.api.testng.PickleEventWrapper,cucumber.api.testng.CucumberFeatureWrapper)[pri:0, instance:steps.RunnerFile@6a1aab78]" name="runScenario" duration-ms="19718" started-at="2024-04-21T13:28:43 CDT" description="Runs Cucumber Scenarios" data-provider="scenarios" finished-at="2024-04-21T13:29:02 CDT">
          <params>
            <param index="0">
              <value>
                <![CDATA["TC003_CreateLead"]]>
              </value>
            </param>
            <param index="1">
              <value>
                <![CDATA["Automate Leaftaps Application"]]>
              </value>
            </param>
          </params>
          <reporter-output>
          </reporter-output>
        </test-method> <!-- runScenario -->
        <test-method status="PASS" signature="runScenario(cucumber.api.testng.PickleEventWrapper,cucumber.api.testng.CucumberFeatureWrapper)[pri:0, instance:steps.RunnerFile@6a1aab78]" name="runScenario" duration-ms="20768" started-at="2024-04-21T13:29:02 CDT" description="Runs Cucumber Scenarios" data-provider="scenarios" finished-at="2024-04-21T13:29:23 CDT">
          <params>
            <param index="0">
              <value>
                <![CDATA["TC003_CreateLead"]]>
              </value>
            </param>
            <param index="1">
              <value>
                <![CDATA["Automate Leaftaps Application"]]>
              </value>
            </param>
          </params>
          <reporter-output>
          </reporter-output>
        </test-method> <!-- runScenario -->
        <test-method status="PASS" signature="runScenario(cucumber.api.testng.PickleEventWrapper,cucumber.api.testng.CucumberFeatureWrapper)[pri:0, instance:steps.RunnerFile@6a1aab78]" name="runScenario" duration-ms="21634" started-at="2024-04-21T13:29:23 CDT" description="Runs Cucumber Scenarios" data-provider="scenarios" finished-at="2024-04-21T13:29:45 CDT">
          <params>
            <param index="0">
              <value>
                <![CDATA["TC003_CreateLead"]]>
              </value>
            </param>
            <param index="1">
              <value>
                <![CDATA["Automate Leaftaps Application"]]>
              </value>
            </param>
          </params>
          <reporter-output>
          </reporter-output>
        </test-method> <!-- runScenario -->
        <test-method status="PASS" signature="tearDownClass()[pri:0, instance:steps.RunnerFile@6a1aab78]" name="tearDownClass" is-config="true" duration-ms="4" started-at="2024-04-21T13:29:45 CDT" finished-at="2024-04-21T13:29:45 CDT">
          <reporter-output>
          </reporter-output>
        </test-method> <!-- tearDownClass -->
      </class> <!-- steps.RunnerFile -->
    </test> <!-- Default test -->
  </suite> <!-- Default suite -->
</testng-results>
