<?xml version="1.0" encoding="UTF-8"?>
<testng-results skipped="0" failed="0" ignored="0" total="4" passed="4">
  <reporter-output>
  </reporter-output>
  <suite name="Default suite" duration-ms="20286" started-at="2022-03-09T22:12:22 CST" finished-at="2022-03-09T22:12:42 CST">
    <groups>
      <group name="cucumber">
        <method signature="AbstractTestNGCucumberTests.runScenario(cucumber.api.testng.PickleEventWrapper, cucumber.api.testng.CucumberFeatureWrapper)[pri:0, instance:steps.RunnerFile@17579e0f]" name="runScenario" class="cucumber.api.testng.AbstractTestNGCucumberTests"/>
      </group> <!-- cucumber -->
    </groups>
    <test name="Default test" duration-ms="20286" started-at="2022-03-09T22:12:22 CST" finished-at="2022-03-09T22:12:42 CST">
      <class name="steps.RunnerFile">
        <test-method status="PASS" signature="setUpClass()[pri:0, instance:steps.RunnerFile@17579e0f]" name="setUpClass" is-config="true" duration-ms="83" started-at="2022-03-09T22:12:22 CST" finished-at="2022-03-09T22:12:22 CST">
          <reporter-output>
          </reporter-output>
        </test-method> <!-- setUpClass -->
        <test-method status="PASS" signature="runScenario(cucumber.api.testng.PickleEventWrapper, cucumber.api.testng.CucumberFeatureWrapper)[pri:0, instance:steps.RunnerFile@17579e0f]" name="runScenario" duration-ms="5902" started-at="2022-03-09T22:12:22 CST" description="Runs Cucumber Scenarios" data-provider="scenarios" finished-at="2022-03-09T22:12:28 CST">
          <params>
            <param index="0">
              <value>
                <![CDATA["TC001_Login and Logout"]]>
              </value>
            </param>
            <param index="1">
              <value>
                <![CDATA["Automate Leaftaps Application"]]>
              </value>
            </param>
          </params>
          <reporter-output>
          </reporter-output>
        </test-method> <!-- runScenario -->
        <test-method status="PASS" signature="runScenario(cucumber.api.testng.PickleEventWrapper, cucumber.api.testng.CucumberFeatureWrapper)[pri:0, instance:steps.RunnerFile@17579e0f]" name="runScenario" duration-ms="5059" started-at="2022-03-09T22:12:28 CST" description="Runs Cucumber Scenarios" data-provider="scenarios" finished-at="2022-03-09T22:12:33 CST">
          <params>
            <param index="0">
              <value>
                <![CDATA["TC001_Login and Logout"]]>
              </value>
            </param>
            <param index="1">
              <value>
                <![CDATA["Automate Leaftaps Application"]]>
              </value>
            </param>
          </params>
          <reporter-output>
          </reporter-output>
        </test-method> <!-- runScenario -->
        <test-method status="PASS" signature="runScenario(cucumber.api.testng.PickleEventWrapper, cucumber.api.testng.CucumberFeatureWrapper)[pri:0, instance:steps.RunnerFile@17579e0f]" name="runScenario" duration-ms="4696" started-at="2022-03-09T22:12:33 CST" description="Runs Cucumber Scenarios" data-provider="scenarios" finished-at="2022-03-09T22:12:38 CST">
          <params>
            <param index="0">
              <value>
                <![CDATA["TC002_Login and Logout for failure"]]>
              </value>
            </param>
            <param index="1">
              <value>
                <![CDATA["Automate Leaftaps Application"]]>
              </value>
            </param>
          </params>
          <reporter-output>
          </reporter-output>
        </test-method> <!-- runScenario -->
        <test-method status="PASS" signature="runScenario(cucumber.api.testng.PickleEventWrapper, cucumber.api.testng.CucumberFeatureWrapper)[pri:0, instance:steps.RunnerFile@17579e0f]" name="runScenario" duration-ms="4479" started-at="2022-03-09T22:12:38 CST" description="Runs Cucumber Scenarios" data-provider="scenarios" finished-at="2022-03-09T22:12:42 CST">
          <params>
            <param index="0">
              <value>
                <![CDATA["TC002_Login and Logout for failure"]]>
              </value>
            </param>
            <param index="1">
              <value>
                <![CDATA["Automate Leaftaps Application"]]>
              </value>
            </param>
          </params>
          <reporter-output>
          </reporter-output>
        </test-method> <!-- runScenario -->
        <test-method status="PASS" signature="tearDownClass()[pri:0, instance:steps.RunnerFile@17579e0f]" name="tearDownClass" is-config="true" duration-ms="3" started-at="2022-03-09T22:12:42 CST" finished-at="2022-03-09T22:12:42 CST">
          <reporter-output>
          </reporter-output>
        </test-method> <!-- tearDownClass -->
      </class> <!-- steps.RunnerFile -->
    </test> <!-- Default test -->
  </suite> <!-- Default suite -->
</testng-results>
