<?xml version="1.0" encoding="UTF-8"?>
<testng-results skipped="0" failed="0" ignored="0" total="1" passed="1">
  <reporter-output>
  </reporter-output>
  <suite name="Default suite" duration-ms="48667" started-at="2020-09-03T14:43:10 CDT" finished-at="2020-09-03T14:43:59 CDT">
    <groups>
    </groups>
    <test name="Default test" duration-ms="48667" started-at="2020-09-03T14:43:10 CDT" finished-at="2020-09-03T14:43:59 CDT">
      <class name="testCases.TC002_CreateLead">
        <test-method status="PASS" signature="setData()[pri:0, instance:testCases.TC002_CreateLead@6895a785]" name="setData" is-config="true" duration-ms="38" started-at="2020-09-03T14:43:10 CDT" finished-at="2020-09-03T14:43:11 CDT">
          <reporter-output>
          </reporter-output>
        </test-method> <!-- setData -->
        <test-method status="PASS" signature="login()[pri:0, instance:testCases.TC002_CreateLead@6895a785]" name="login" is-config="true" duration-ms="18705" started-at="2020-09-03T14:43:13 CDT" finished-at="2020-09-03T14:43:31 CDT">
          <reporter-output>
          </reporter-output>
        </test-method> <!-- login -->
        <test-method status="PASS" signature="createLead(java.lang.String, java.lang.String, java.lang.String, java.lang.String, java.lang.String, java.lang.String, java.lang.String, java.lang.String, java.lang.String, java.lang.String, java.lang.String, java.lang.String, java.lang.String, java.lang.String, java.lang.String, java.lang.String, java.lang.String, java.lang.String, java.lang.String, java.lang.String, java.lang.String, java.lang.String, java.lang.String, java.lang.String, java.lang.String, java.lang.String, java.lang.String, java.lang.String, java.lang.String, java.lang.String, java.lang.String, java.lang.String, java.lang.String, java.lang.String, java.lang.String, java.lang.String, java.lang.String)[pri:0, instance:testCases.TC002_CreateLead@6895a785]" name="createLead" duration-ms="26764" started-at="2020-09-03T14:43:31 CDT" data-provider="getData" finished-at="2020-09-03T14:43:58 CDT">
          <params>
            <param index="0">
              <value>
                <![CDATA[DemoSalesManager]]>
              </value>
            </param>
            <param index="1">
              <value>
                <![CDATA[crmsfa]]>
              </value>
            </param>
            <param index="2">
              <value>
                <![CDATA[TCS]]>
              </value>
            </param>
            <param index="3">
              <value>
                <![CDATA[Gopi]]>
              </value>
            </param>
            <param index="4">
              <value>
                <![CDATA[J]]>
              </value>
            </param>
            <param index="5">
              <value>
                <![CDATA[Gopi]]>
              </value>
            </param>
            <param index="6">
              <value>
                <![CDATA[Jayakumar]]>
              </value>
            </param>
            <param index="7">
              <value>
                <![CDATA[Mr]]>
              </value>
            </param>
            <param index="8">
              <value>
                <![CDATA[Website]]>
              </value>
            </param>
            <param index="9">
              <value>
                <![CDATA[Mr]]>
              </value>
            </param>
            <param index="10">
              <value>
                <![CDATA[1000]]>
              </value>
            </param>
            <param index="11">
              <value>
                <![CDATA[Insurance]]>
              </value>
            </param>
            <param index="12">
              <value>
                <![CDATA[Sole Proprietorship]]>
              </value>
            </param>
            <param index="13">
              <value>
                <![CDATA[1010]]>
              </value>
            </param>
            <param index="14">
              <value>
                <![CDATA[It is a Software Company]]>
              </value>
            </param>
            <param index="15">
              <value>
                <![CDATA[It's a trusted company]]>
              </value>
            </param>
            <param index="16">
              <value>
                <![CDATA[88]]>
              </value>
            </param>
            <param index="17">
              <value>
                <![CDATA[682]]>
              </value>
            </param>
            <param index="18">
              <value>
                <![CDATA[2084048]]>
              </value>
            </param>
            <param index="19">
              <value>
                <![CDATA[101]]>
              </value>
            </param>
            <param index="20">
              <value>
                <![CDATA[QA]]>
              </value>
            </param>
            <param index="21">
              <value>
                <![CDATA[BDT - Bangladesh Taka]]>
              </value>
            </param>
            <param index="22">
              <value>
                <![CDATA[1000]]>
              </value>
            </param>
            <param index="23">
              <value>
                <![CDATA[Tk]]>
              </value>
            </param>
            <param index="24">
              <value>
                <![CDATA[Gopi]]>
              </value>
            </param>
            <param index="25">
              <value>
                <![CDATA[www.google.com]]>
              </value>
            </param>
            <param index="26">
              <value>
                <![CDATA[Gnath]]>
              </value>
            </param>
            <param index="27">
              <value>
                <![CDATA[8822 Saddlehorn Dr]]>
              </value>
            </param>
            <param index="28">
              <value>
                <![CDATA[Apt 252]]>
              </value>
            </param>
            <param index="29">
              <value>
                <![CDATA[Irving]]>
              </value>
            </param>
            <param index="30">
              <value>
                <![CDATA[Texas]]>
              </value>
            </param>
            <param index="31">
              <value>
                <![CDATA[Bangladesh]]>
              </value>
            </param>
            <param index="32">
              <value>
                <![CDATA[75062]]>
              </value>
            </param>
            <param index="33">
              <value>
                <![CDATA[111]]>
              </value>
            </param>
            <param index="34">
              <value>
                <![CDATA[Car and Driver]]>
              </value>
            </param>
            <param index="35">
              <value>
                <![CDATA[682-208-4048]]>
              </value>
            </param>
            <param index="36">
              <value>
                <![CDATA[abc@yahoo.com]]>
              </value>
            </param>
          </params>
          <reporter-output>
          </reporter-output>
        </test-method> <!-- createLead -->
        <test-method status="PASS" signature="closeBrowser()[pri:0, instance:testCases.TC002_CreateLead@6895a785]" name="closeBrowser" is-config="true" duration-ms="1040" started-at="2020-09-03T14:43:58 CDT" finished-at="2020-09-03T14:43:59 CDT">
          <reporter-output>
          </reporter-output>
        </test-method> <!-- closeBrowser -->
      </class> <!-- testCases.TC002_CreateLead -->
    </test> <!-- Default test -->
  </suite> <!-- Default suite -->
</testng-results>
